# JRE version: OpenJDK Runtime Environment (8.0_152-b06) (build 1.8.0_152-release-1136-b06)
# Java VM: OpenJDK 64-Bit Server VM (25.152-b06 mixed mode windows-amd64 compressed oops)
Heap:
 PSYoungGen      total 57344K, used 49152K [0x00000000eab00000, 0x00000000f1b00000, 0x0000000100000000)
  eden space 49152K, 100% used [0x00000000eab00000,0x00000000edb00000,0x00000000edb00000)
  from space 8192K, 0% used [0x00000000ee300000,0x00000000ee300000,0x00000000eeb00000)
  to   space 8192K, 38% used [0x00000000edb00000,0x00000000ede18000,0x00000000ee300000)
 ParOldGen       total 699392K, used 694265K [0x00000000c0000000, 0x00000000eab00000, 0x00000000eab00000)
  object space 699392K, 99% used [0x00000000c0000000,0x00000000ea5fe7b8,0x00000000eab00000)
 Metaspace       used 26905K, capacity 27360K, committed 27648K, reserved 1073152K
  class space    used 3632K, capacity 3789K, committed 3840K, reserved 1048576K
GC Heap History (10 events):
Event: 1.399 GC heap after
Heap after GC invocations=1 (full 0):
 PSYoungGen      total 57344K, used 5266K [0x00000000eab00000, 0x00000000eeb00000, 0x0000000100000000)
  eden space 49152K, 0% used [0x00000000eab00000,0x00000000eab00000,0x00000000edb00000)
  from space 8192K, 64% used [0x00000000edb00000,0x00000000ee0249b8,0x00000000ee300000)
  to   space 8192K, 0% used [0x00000000ee300000,0x00000000ee300000,0x00000000eeb00000)
 ParOldGen       total 131072K, used 8K [0x00000000c0000000, 0x00000000c8000000, 0x00000000eab00000)
  object space 131072K, 0% used [0x00000000c0000000,0x00000000c0002000,0x00000000c8000000)
 Metaspace       used 6888K, capacity 7080K, committed 7424K, reserved 1056768K
  class space    used 857K, capacity 916K, committed 1024K, reserved 1048576K
}
Event: 3.398 GC heap before
{Heap before GC invocations=2 (full 0):
 PSYoungGen      total 57344K, used 54418K [0x00000000eab00000, 0x00000000eeb00000, 0x0000000100000000)
  eden space 49152K, 100% used [0x00000000eab00000,0x00000000edb00000,0x00000000edb00000)
  from space 8192K, 64% used [0x00000000edb00000,0x00000000ee0249b8,0x00000000ee300000)
  to   space 8192K, 0% used [0x00000000ee300000,0x00000000ee300000,0x00000000eeb00000)
 ParOldGen       total 131072K, used 8K [0x00000000c0000000, 0x00000000c8000000, 0x00000000eab00000)
  object space 131072K, 0% used [0x00000000c0000000,0x00000000c0002000,0x00000000c8000000)
 Metaspace       used 13981K, capacity 14352K, committed 14464K, reserved 1060864K
  class space    used 1954K, capacity 2090K, committed 2176K, reserved 1048576K
Event: 3.410 GC heap after
Heap after GC invocations=2 (full 0):
 PSYoungGen      total 57344K, used 8164K [0x00000000eab00000, 0x00000000eeb00000, 0x0000000100000000)
  eden space 49152K, 0% used [0x00000000eab00000,0x00000000eab00000,0x00000000edb00000)
  from space 8192K, 99% used [0x00000000ee300000,0x00000000eeaf91a8,0x00000000eeb00000)
  to   space 8192K, 0% used [0x00000000edb00000,0x00000000edb00000,0x00000000ee300000)
 ParOldGen       total 131072K, used 84K [0x00000000c0000000, 0x00000000c8000000, 0x00000000eab00000)
  object space 131072K, 0% used [0x00000000c0000000,0x00000000c0015330,0x00000000c8000000)
 Metaspace       used 13981K, capacity 14352K, committed 14464K, reserved 1060864K
  class space    used 1954K, capacity 2090K, committed 2176K, reserved 1048576K
}
Event: 5.380 GC heap before
{Heap before GC invocations=3 (full 0):
 PSYoungGen      total 57344K, used 57316K [0x00000000eab00000, 0x00000000eeb00000, 0x0000000100000000)
  eden space 49152K, 100% used [0x00000000eab00000,0x00000000edb00000,0x00000000edb00000)
  from space 8192K, 99% used [0x00000000ee300000,0x00000000eeaf91a8,0x00000000eeb00000)
  to   space 8192K, 0% used [0x00000000edb00000,0x00000000edb00000,0x00000000ee300000)
 ParOldGen       total 131072K, used 84K [0x00000000c0000000, 0x00000000c8000000, 0x00000000eab00000)
  object space 131072K, 0% used [0x00000000c0000000,0x00000000c0015330,0x00000000c8000000)
 Metaspace       used 18994K, capacity 19434K, committed 19584K, reserved 1067008K
  class space    used 2751K, capacity 2877K, committed 2944K, reserved 1048576K
Event: 5.390 GC heap after
Heap after GC invocations=3 (full 0):
 PSYoungGen      total 57344K, used 8189K [0x00000000eab00000, 0x00000000eeb00000, 0x0000000100000000)
  eden space 49152K, 0% used [0x00000000eab00000,0x00000000eab00000,0x00000000edb00000)
  from space 8192K, 99% used [0x00000000edb00000,0x00000000ee2ff420,0x00000000ee300000)
  to   space 8192K, 0% used [0x00000000ee300000,0x00000000ee300000,0x00000000eeb00000)
 ParOldGen       total 131072K, used 2266K [0x00000000c0000000, 0x00000000c8000000, 0x00000000eab00000)
  object space 131072K, 1% used [0x00000000c0000000,0x00000000c0236be8,0x00000000c8000000)
 Metaspace       used 18994K, capacity 19434K, committed 19584K, reserved 1067008K
  class space    used 2751K, capacity 2877K, committed 2944K, reserved 1048576K
}
Event: 5.616 GC heap before
{Heap before GC invocations=4 (full 0):
 PSYoungGen      total 57344K, used 20075K [0x00000000eab00000, 0x00000000eeb00000, 0x0000000100000000)
  eden space 49152K, 24% used [0x00000000eab00000,0x00000000eb69bb00,0x00000000edb00000)
  from space 8192K, 99% used [0x00000000edb00000,0x00000000ee2ff420,0x00000000ee300000)
  to   space 8192K, 0% used [0x00000000ee300000,0x00000000ee300000,0x00000000eeb00000)
 ParOldGen       total 131072K, used 2266K [0x00000000c0000000, 0x00000000c8000000, 0x00000000eab00000)
  object space 131072K, 1% used [0x00000000c0000000,0x00000000c0236be8,0x00000000c8000000)
 Metaspace       used 20805K, capacity 21200K, committed 21248K, reserved 1067008K
  class space    used 2899K, capacity 3038K, committed 3072K, reserved 1048576K
Event: 5.624 GC heap after
Heap after GC invocations=4 (full 0):
 PSYoungGen      total 57344K, used 7847K [0x00000000eab00000, 0x00000000f1b00000, 0x0000000100000000)
  eden space 49152K, 0% used [0x00000000eab00000,0x00000000eab00000,0x00000000edb00000)
  from space 8192K, 95% used [0x00000000ee300000,0x00000000eeaa9c10,0x00000000eeb00000)
  to   space 8192K, 0% used [0x00000000edb00000,0x00000000edb00000,0x00000000ee300000)
 ParOldGen       total 131072K, used 2274K [0x00000000c0000000, 0x00000000c8000000, 0x00000000eab00000)
  object space 131072K, 1% used [0x00000000c0000000,0x00000000c0238be8,0x00000000c8000000)
 Metaspace       used 20805K, capacity 21200K, committed 21248K, reserved 1067008K
  class space    used 2899K, capacity 3038K, committed 3072K, reserved 1048576K
}
Event: 5.624 GC heap before
{Heap before GC invocations=5 (full 1):
 PSYoungGen      total 57344K, used 7847K [0x00000000eab00000, 0x00000000f1b00000, 0x0000000100000000)
  eden space 49152K, 0% used [0x00000000eab00000,0x00000000eab00000,0x00000000edb00000)
  from space 8192K, 95% used [0x00000000ee300000,0x00000000eeaa9c10,0x00000000eeb00000)
  to   space 8192K, 0% used [0x00000000edb00000,0x00000000edb00000,0x00000000ee300000)
 ParOldGen       total 131072K, used 2274K [0x00000000c0000000, 0x00000000c8000000, 0x00000000eab00000)
  object space 131072K, 1% used [0x00000000c0000000,0x00000000c0238be8,0x00000000c8000000)
 Metaspace       used 20805K, capacity 21200K, committed 21248K, reserved 1067008K
  class space    used 2899K, capacity 3038K, committed 3072K, reserved 1048576K
Event: 5.667 GC heap after
Heap after GC invocations=5 (full 1):
 PSYoungGen      total 57344K, used 0K [0x00000000eab00000, 0x00000000f1b00000, 0x0000000100000000)
  eden space 49152K, 0% used [0x00000000eab00000,0x00000000eab00000,0x00000000edb00000)
  from space 8192K, 0% used [0x00000000ee300000,0x00000000ee300000,0x00000000eeb00000)
  to   space 8192K, 0% used [0x00000000edb00000,0x00000000edb00000,0x00000000ee300000)
 ParOldGen       total 79360K, used 7661K [0x00000000c0000000, 0x00000000c4d80000, 0x00000000eab00000)
  object space 79360K, 9% used [0x00000000c0000000,0x00000000c077b738,0x00000000c4d80000)
 Metaspace       used 20805K, capacity 21200K, committed 21248K, reserved 1067008K
  class space    used 2899K, capacity 3038K, committed 3072K, reserved 1048576K
}
Event: 6.599 GC heap before
{Heap before GC invocations=6 (full 1):
 PSYoungGen      total 57344K, used 49152K [0x00000000eab00000, 0x00000000f1b00000, 0x0000000100000000)
  eden space 49152K, 100% used [0x00000000eab00000,0x00000000edb00000,0x00000000edb00000)
  from space 8192K, 0% used [0x00000000ee300000,0x00000000ee300000,0x00000000eeb00000)
  to   space 8192K, 0% used [0x00000000edb00000,0x00000000edb00000,0x00000000ee300000)
 ParOldGen       total 79360K, used 7661K [0x00000000c0000000, 0x00000000c4d80000, 0x00000000eab00000)
  object space 79360K, 9% used [0x00000000c0000000,0x00000000c077b738,0x00000000c4d80000)
 Metaspace       used 26905K, capacity 27360K, committed 27648K, reserved 1073152K
  class space    used 3632K, capacity 3789K, committed 3840K, reserved 1048576K

