# JRE version: Java(TM) SE Runtime Environment (8.0_191-b12) (build 1.8.0_191-b12)
# Java VM: Java HotSpot(TM) 64-Bit Server VM (25.191-b12 mixed mode windows-amd64 compressed oops)
Heap:
 PSYoungGen      total 56320K, used 32540K [0x00000000eab00000, 0x00000000ef100000, 0x0000000100000000)
  eden space 48128K, 53% used [0x00000000eab00000,0x00000000ec42eef0,0x00000000eda00000)
  from space 8192K, 82% used [0x00000000edb00000,0x00000000ee198450,0x00000000ee300000)
  to   space 11776K, 0% used [0x00000000ee580000,0x00000000ee580000,0x00000000ef100000)
 ParOldGen       total 63488K, used 10833K [0x00000000c0000000, 0x00000000c3e00000, 0x00000000eab00000)
  object space 63488K, 17% used [0x00000000c0000000,0x00000000c0a94780,0x00000000c3e00000)
 Metaspace       used 29628K, capacity 30148K, committed 30256K, reserved 1075200K
  class space    used 4213K, capacity 4398K, committed 4400K, reserved 1048576K
GC Heap History (10 events):
Event: 203.602 GC heap before
{Heap before GC invocations=2 (full 0):
 PSYoungGen      total 57344K, used 54396K [0x00000000eab00000, 0x00000000eeb00000, 0x0000000100000000)
  eden space 49152K, 100% used [0x00000000eab00000,0x00000000edb00000,0x00000000edb00000)
  from space 8192K, 64% used [0x00000000edb00000,0x00000000ee01f2d8,0x00000000ee300000)
  to   space 8192K, 0% used [0x00000000ee300000,0x00000000ee300000,0x00000000eeb00000)
 ParOldGen       total 131072K, used 16K [0x00000000c0000000, 0x00000000c8000000, 0x00000000eab00000)
  object space 131072K, 0% used [0x00000000c0000000,0x00000000c0004000,0x00000000c8000000)
 Metaspace       used 14293K, capacity 14560K, committed 14720K, reserved 1062912K
  class space    used 2036K, capacity 2146K, committed 2176K, reserved 1048576K
Event: 203.610 GC heap after
Heap after GC invocations=2 (full 0):
 PSYoungGen      total 57344K, used 8185K [0x00000000eab00000, 0x00000000eeb00000, 0x0000000100000000)
  eden space 49152K, 0% used [0x00000000eab00000,0x00000000eab00000,0x00000000edb00000)
  from space 8192K, 99% used [0x00000000ee300000,0x00000000eeafe7b0,0x00000000eeb00000)
  to   space 8192K, 0% used [0x00000000edb00000,0x00000000edb00000,0x00000000ee300000)
 ParOldGen       total 131072K, used 121K [0x00000000c0000000, 0x00000000c8000000, 0x00000000eab00000)
  object space 131072K, 0% used [0x00000000c0000000,0x00000000c001e468,0x00000000c8000000)
 Metaspace       used 14293K, capacity 14560K, committed 14720K, reserved 1062912K
  class space    used 2036K, capacity 2146K, committed 2176K, reserved 1048576K
}
Event: 204.445 GC heap before
{Heap before GC invocations=3 (full 0):
 PSYoungGen      total 57344K, used 56923K [0x00000000eab00000, 0x00000000eeb00000, 0x0000000100000000)
  eden space 49152K, 99% used [0x00000000eab00000,0x00000000eda98498,0x00000000edb00000)
  from space 8192K, 99% used [0x00000000ee300000,0x00000000eeafe7b0,0x00000000eeb00000)
  to   space 8192K, 0% used [0x00000000edb00000,0x00000000edb00000,0x00000000ee300000)
 ParOldGen       total 131072K, used 121K [0x00000000c0000000, 0x00000000c8000000, 0x00000000eab00000)
  object space 131072K, 0% used [0x00000000c0000000,0x00000000c001e468,0x00000000c8000000)
 Metaspace       used 20886K, capacity 21190K, committed 21296K, reserved 1067008K
  class space    used 2965K, capacity 3075K, committed 3120K, reserved 1048576K
Event: 204.458 GC heap after
Heap after GC invocations=3 (full 0):
 PSYoungGen      total 57344K, used 8175K [0x00000000eab00000, 0x00000000eeb00000, 0x0000000100000000)
  eden space 49152K, 0% used [0x00000000eab00000,0x00000000eab00000,0x00000000edb00000)
  from space 8192K, 99% used [0x00000000edb00000,0x00000000ee2fbfd8,0x00000000ee300000)
  to   space 8192K, 0% used [0x00000000ee300000,0x00000000ee300000,0x00000000eeb00000)
 ParOldGen       total 131072K, used 3107K [0x00000000c0000000, 0x00000000c8000000, 0x00000000eab00000)
  object space 131072K, 2% used [0x00000000c0000000,0x00000000c0308fa0,0x00000000c8000000)
 Metaspace       used 20886K, capacity 21190K, committed 21296K, reserved 1067008K
  class space    used 2965K, capacity 3075K, committed 3120K, reserved 1048576K
}
Event: 204.458 GC heap before
{Heap before GC invocations=4 (full 1):
 PSYoungGen      total 57344K, used 8175K [0x00000000eab00000, 0x00000000eeb00000, 0x0000000100000000)
  eden space 49152K, 0% used [0x00000000eab00000,0x00000000eab00000,0x00000000edb00000)
  from space 8192K, 99% used [0x00000000edb00000,0x00000000ee2fbfd8,0x00000000ee300000)
  to   space 8192K, 0% used [0x00000000ee300000,0x00000000ee300000,0x00000000eeb00000)
 ParOldGen       total 131072K, used 3107K [0x00000000c0000000, 0x00000000c8000000, 0x00000000eab00000)
  object space 131072K, 2% used [0x00000000c0000000,0x00000000c0308fa0,0x00000000c8000000)
 Metaspace       used 20886K, capacity 21190K, committed 21296K, reserved 1067008K
  class space    used 2965K, capacity 3075K, committed 3120K, reserved 1048576K
Event: 204.502 GC heap after
Heap after GC invocations=4 (full 1):
 PSYoungGen      total 57344K, used 0K [0x00000000eab00000, 0x00000000eeb00000, 0x0000000100000000)
  eden space 49152K, 0% used [0x00000000eab00000,0x00000000eab00000,0x00000000edb00000)
  from space 8192K, 0% used [0x00000000edb00000,0x00000000edb00000,0x00000000ee300000)
  to   space 8192K, 0% used [0x00000000ee300000,0x00000000ee300000,0x00000000eeb00000)
 ParOldGen       total 63488K, used 10817K [0x00000000c0000000, 0x00000000c3e00000, 0x00000000eab00000)
  object space 63488K, 17% used [0x00000000c0000000,0x00000000c0a90780,0x00000000c3e00000)
 Metaspace       used 20886K, capacity 21190K, committed 21296K, reserved 1067008K
  class space    used 2965K, capacity 3075K, committed 3120K, reserved 1048576K
}
Event: 210.325 GC heap before
{Heap before GC invocations=5 (full 1):
 PSYoungGen      total 57344K, used 49152K [0x00000000eab00000, 0x00000000eeb00000, 0x0000000100000000)
  eden space 49152K, 100% used [0x00000000eab00000,0x00000000edb00000,0x00000000edb00000)
  from space 8192K, 0% used [0x00000000edb00000,0x00000000edb00000,0x00000000ee300000)
  to   space 8192K, 0% used [0x00000000ee300000,0x00000000ee300000,0x00000000eeb00000)
 ParOldGen       total 63488K, used 10817K [0x00000000c0000000, 0x00000000c3e00000, 0x00000000eab00000)
  object space 63488K, 17% used [0x00000000c0000000,0x00000000c0a90780,0x00000000c3e00000)
 Metaspace       used 25666K, capacity 25970K, committed 26288K, reserved 1071104K
  class space    used 3545K, capacity 3670K, committed 3760K, reserved 1048576K
Event: 210.329 GC heap after
Heap after GC invocations=5 (full 1):
 PSYoungGen      total 57344K, used 5414K [0x00000000eab00000, 0x00000000eeb00000, 0x0000000100000000)
  eden space 49152K, 0% used [0x00000000eab00000,0x00000000eab00000,0x00000000edb00000)
  from space 8192K, 66% used [0x00000000ee300000,0x00000000ee849a40,0x00000000eeb00000)
  to   space 8192K, 0% used [0x00000000edb00000,0x00000000edb00000,0x00000000ee300000)
 ParOldGen       total 63488K, used 10825K [0x00000000c0000000, 0x00000000c3e00000, 0x00000000eab00000)
  object space 63488K, 17% used [0x00000000c0000000,0x00000000c0a92780,0x00000000c3e00000)
 Metaspace       used 25666K, capacity 25970K, committed 26288K, reserved 1071104K
  class space    used 3545K, capacity 3670K, committed 3760K, reserved 1048576K
}
Event: 210.976 GC heap before
{Heap before GC invocations=6 (full 1):
 PSYoungGen      total 57344K, used 54566K [0x00000000eab00000, 0x00000000eeb00000, 0x0000000100000000)
  eden space 49152K, 100% used [0x00000000eab00000,0x00000000edb00000,0x00000000edb00000)
  from space 8192K, 66% used [0x00000000ee300000,0x00000000ee849a40,0x00000000eeb00000)
  to   space 8192K, 0% used [0x00000000edb00000,0x00000000edb00000,0x00000000ee300000)
 ParOldGen       total 63488K, used 10825K [0x00000000c0000000, 0x00000000c3e00000, 0x00000000eab00000)
  object space 63488K, 17% used [0x00000000c0000000,0x00000000c0a92780,0x00000000c3e00000)
 Metaspace       used 28363K, capacity 28844K, committed 29104K, reserved 1075200K
  class space    used 4028K, capacity 4199K, committed 4272K, reserved 1048576K
Event: 210.983 GC heap after
Heap after GC invocations=6 (full 1):
 PSYoungGen      total 56320K, used 6753K [0x00000000eab00000, 0x00000000ef100000, 0x0000000100000000)
  eden space 48128K, 0% used [0x00000000eab00000,0x00000000eab00000,0x00000000eda00000)
  from space 8192K, 82% used [0x00000000edb00000,0x00000000ee198450,0x00000000ee300000)
  to   space 11776K, 0% used [0x00000000ee580000,0x00000000ee580000,0x00000000ef100000)
 ParOldGen       total 63488K, used 10833K [0x00000000c0000000, 0x00000000c3e00000, 0x00000000eab00000)
  object space 63488K, 17% used [0x00000000c0000000,0x00000000c0a94780,0x00000000c3e00000)
 Metaspace       used 28363K, capacity 28844K, committed 29104K, reserved 1075200K
  class space    used 4028K, capacity 4199K, committed 4272K, reserved 1048576K
}

