# JRE version: Java(TM) SE Runtime Environment (8.0_191-b12) (build 1.8.0_191-b12)
# Java VM: Java HotSpot(TM) 64-Bit Server VM (25.191-b12 mixed mode windows-amd64 compressed oops)
Heap:
 PSYoungGen      total 57344K, used 56556K [0x00000000eab00000, 0x00000000eeb00000, 0x0000000100000000)
  eden space 49152K, 98% used [0x00000000eab00000,0x00000000eda3b938,0x00000000edb00000)
  from space 8192K, 99% used [0x00000000ee300000,0x00000000eeaff830,0x00000000eeb00000)
  to   space 8192K, 86% used [0x00000000edb00000,0x00000000ee1ec040,0x00000000ee300000)
 ParOldGen       total 131072K, used 195K [0x00000000c0000000, 0x00000000c8000000, 0x00000000eab00000)
  object space 131072K, 0% used [0x00000000c0000000,0x00000000c0030e18,0x00000000c8000000)
 Metaspace       used 20929K, capacity 21222K, committed 21296K, reserved 1067008K
  class space    used 2977K, capacity 3107K, committed 3120K, reserved 1048576K
GC Heap History (5 events):
Event: 1.162 GC heap before
{Heap before GC invocations=1 (full 0):
 PSYoungGen      total 57344K, used 49152K [0x00000000eab00000, 0x00000000eeb00000, 0x0000000100000000)
  eden space 49152K, 100% used [0x00000000eab00000,0x00000000edb00000,0x00000000edb00000)
  from space 8192K, 0% used [0x00000000ee300000,0x00000000ee300000,0x00000000eeb00000)
  to   space 8192K, 0% used [0x00000000edb00000,0x00000000edb00000,0x00000000ee300000)
 ParOldGen       total 131072K, used 0K [0x00000000c0000000, 0x00000000c8000000, 0x00000000eab00000)
  object space 131072K, 0% used [0x00000000c0000000,0x00000000c0000000,0x00000000c8000000)
 Metaspace       used 6943K, capacity 7114K, committed 7424K, reserved 1056768K
  class space    used 896K, capacity 949K, committed 1024K, reserved 1048576K
Event: 1.169 GC heap after
Heap after GC invocations=1 (full 0):
 PSYoungGen      total 57344K, used 5222K [0x00000000eab00000, 0x00000000eeb00000, 0x0000000100000000)
  eden space 49152K, 0% used [0x00000000eab00000,0x00000000eab00000,0x00000000edb00000)
  from space 8192K, 63% used [0x00000000edb00000,0x00000000ee019ae8,0x00000000ee300000)
  to   space 8192K, 0% used [0x00000000ee300000,0x00000000ee300000,0x00000000eeb00000)
 ParOldGen       total 131072K, used 8K [0x00000000c0000000, 0x00000000c8000000, 0x00000000eab00000)
  object space 131072K, 0% used [0x00000000c0000000,0x00000000c0002000,0x00000000c8000000)
 Metaspace       used 6943K, capacity 7114K, committed 7424K, reserved 1056768K
  class space    used 896K, capacity 949K, committed 1024K, reserved 1048576K
}
Event: 2.129 GC heap before
{Heap before GC invocations=2 (full 0):
 PSYoungGen      total 57344K, used 54374K [0x00000000eab00000, 0x00000000eeb00000, 0x0000000100000000)
  eden space 49152K, 100% used [0x00000000eab00000,0x00000000edb00000,0x00000000edb00000)
  from space 8192K, 63% used [0x00000000edb00000,0x00000000ee019ae8,0x00000000ee300000)
  to   space 8192K, 0% used [0x00000000ee300000,0x00000000ee300000,0x00000000eeb00000)
 ParOldGen       total 131072K, used 8K [0x00000000c0000000, 0x00000000c8000000, 0x00000000eab00000)
  object space 131072K, 0% used [0x00000000c0000000,0x00000000c0002000,0x00000000c8000000)
 Metaspace       used 14235K, capacity 14496K, committed 14720K, reserved 1062912K
  class space    used 2034K, capacity 2146K, committed 2176K, reserved 1048576K
Event: 2.139 GC heap after
Heap after GC invocations=2 (full 0):
 PSYoungGen      total 57344K, used 8190K [0x00000000eab00000, 0x00000000eeb00000, 0x0000000100000000)
  eden space 49152K, 0% used [0x00000000eab00000,0x00000000eab00000,0x00000000edb00000)
  from space 8192K, 99% used [0x00000000ee300000,0x00000000eeaff830,0x00000000eeb00000)
  to   space 8192K, 0% used [0x00000000edb00000,0x00000000edb00000,0x00000000ee300000)
 ParOldGen       total 131072K, used 187K [0x00000000c0000000, 0x00000000c8000000, 0x00000000eab00000)
  object space 131072K, 0% used [0x00000000c0000000,0x00000000c002ee18,0x00000000c8000000)
 Metaspace       used 14235K, capacity 14496K, committed 14720K, reserved 1062912K
  class space    used 2034K, capacity 2146K, committed 2176K, reserved 1048576K
}
Event: 2.827 GC heap before
{Heap before GC invocations=3 (full 0):
 PSYoungGen      total 57344K, used 56556K [0x00000000eab00000, 0x00000000eeb00000, 0x0000000100000000)
  eden space 49152K, 98% used [0x00000000eab00000,0x00000000eda3b938,0x00000000edb00000)
  from space 8192K, 99% used [0x00000000ee300000,0x00000000eeaff830,0x00000000eeb00000)
  to   space 8192K, 0% used [0x00000000edb00000,0x00000000edb00000,0x00000000ee300000)
 ParOldGen       total 131072K, used 187K [0x00000000c0000000, 0x00000000c8000000, 0x00000000eab00000)
  object space 131072K, 0% used [0x00000000c0000000,0x00000000c002ee18,0x00000000c8000000)
 Metaspace       used 20929K, capacity 21222K, committed 21296K, reserved 1067008K
  class space    used 2977K, capacity 3107K, committed 3120K, reserved 1048576K

