# JRE version: Java(TM) SE Runtime Environment (8.0_191-b12) (build 1.8.0_191-b12)
# Java VM: Java HotSpot(TM) 64-Bit Server VM (25.191-b12 mixed mode windows-amd64 compressed oops)
Heap:
 PSYoungGen      total 144384K, used 124480K [0x00000000eab00000, 0x00000000f7800000, 0x0000000100000000)
  eden space 132096K, 84% used [0x00000000eab00000,0x00000000f1892c38,0x00000000f2c00000)
  from space 12288K, 99% used [0x00000000f2c00000,0x00000000f37fd5a8,0x00000000f3800000)
  to   space 15872K, 0% used [0x00000000f6880000,0x00000000f6880000,0x00000000f7800000)
 ParOldGen       total 112128K, used 21049K [0x00000000c0000000, 0x00000000c6d80000, 0x00000000eab00000)
  object space 112128K, 18% used [0x00000000c0000000,0x00000000c148e5e0,0x00000000c6d80000)
 Metaspace       used 53934K, capacity 55590K, committed 55984K, reserved 1097728K
  class space    used 7566K, capacity 8018K, committed 8112K, reserved 1048576K
GC Heap History (10 events):
Event: 16.882 GC heap before
{Heap before GC invocations=7 (full 1):
 PSYoungGen      total 57344K, used 55785K [0x00000000eab00000, 0x00000000f1100000, 0x0000000100000000)
  eden space 49152K, 100% used [0x00000000eab00000,0x00000000edb00000,0x00000000edb00000)
  from space 8192K, 80% used [0x00000000edb00000,0x00000000ee17a418,0x00000000ee300000)
  to   space 12288K, 0% used [0x00000000f0500000,0x00000000f0500000,0x00000000f1100000)
 ParOldGen       total 85504K, used 10944K [0x00000000c0000000, 0x00000000c5380000, 0x00000000eab00000)
  object space 85504K, 12% used [0x00000000c0000000,0x00000000c0ab0048,0x00000000c5380000)
 Metaspace       used 32925K, capacity 33508K, committed 33584K, reserved 1077248K
  class space    used 4677K, capacity 4897K, committed 4912K, reserved 1048576K
Event: 16.893 GC heap after
Heap after GC invocations=7 (full 1):
 PSYoungGen      total 88064K, used 9677K [0x00000000eab00000, 0x00000000f0f80000, 0x0000000100000000)
  eden space 77312K, 0% used [0x00000000eab00000,0x00000000eab00000,0x00000000ef680000)
  from space 10752K, 90% used [0x00000000f0500000,0x00000000f0e73680,0x00000000f0f80000)
  to   space 12800K, 0% used [0x00000000ef680000,0x00000000ef680000,0x00000000f0300000)
 ParOldGen       total 85504K, used 10952K [0x00000000c0000000, 0x00000000c5380000, 0x00000000eab00000)
  object space 85504K, 12% used [0x00000000c0000000,0x00000000c0ab2048,0x00000000c5380000)
 Metaspace       used 32925K, capacity 33508K, committed 33584K, reserved 1077248K
  class space    used 4677K, capacity 4897K, committed 4912K, reserved 1048576K
}
Event: 17.072 GC heap before
{Heap before GC invocations=8 (full 1):
 PSYoungGen      total 88064K, used 20562K [0x00000000eab00000, 0x00000000f0f80000, 0x0000000100000000)
  eden space 77312K, 14% used [0x00000000eab00000,0x00000000eb5a1348,0x00000000ef680000)
  from space 10752K, 90% used [0x00000000f0500000,0x00000000f0e73680,0x00000000f0f80000)
  to   space 12800K, 0% used [0x00000000ef680000,0x00000000ef680000,0x00000000f0300000)
 ParOldGen       total 85504K, used 10952K [0x00000000c0000000, 0x00000000c5380000, 0x00000000eab00000)
  object space 85504K, 12% used [0x00000000c0000000,0x00000000c0ab2048,0x00000000c5380000)
 Metaspace       used 34718K, capacity 35292K, committed 35496K, reserved 1079296K
  class space    used 4863K, capacity 5067K, committed 5168K, reserved 1048576K
Event: 17.082 GC heap after
Heap after GC invocations=8 (full 1):
 PSYoungGen      total 90112K, used 8767K [0x00000000eab00000, 0x00000000f4880000, 0x0000000100000000)
  eden space 77312K, 0% used [0x00000000eab00000,0x00000000eab00000,0x00000000ef680000)
  from space 12800K, 68% used [0x00000000ef680000,0x00000000eff0fc68,0x00000000f0300000)
  to   space 12288K, 0% used [0x00000000f3c80000,0x00000000f3c80000,0x00000000f4880000)
 ParOldGen       total 85504K, used 10952K [0x00000000c0000000, 0x00000000c5380000, 0x00000000eab00000)
  object space 85504K, 12% used [0x00000000c0000000,0x00000000c0ab2048,0x00000000c5380000)
 Metaspace       used 34718K, capacity 35292K, committed 35496K, reserved 1079296K
  class space    used 4863K, capacity 5067K, committed 5168K, reserved 1048576K
}
Event: 17.082 GC heap before
{Heap before GC invocations=9 (full 2):
 PSYoungGen      total 90112K, used 8767K [0x00000000eab00000, 0x00000000f4880000, 0x0000000100000000)
  eden space 77312K, 0% used [0x00000000eab00000,0x00000000eab00000,0x00000000ef680000)
  from space 12800K, 68% used [0x00000000ef680000,0x00000000eff0fc68,0x00000000f0300000)
  to   space 12288K, 0% used [0x00000000f3c80000,0x00000000f3c80000,0x00000000f4880000)
 ParOldGen       total 85504K, used 10952K [0x00000000c0000000, 0x00000000c5380000, 0x00000000eab00000)
  object space 85504K, 12% used [0x00000000c0000000,0x00000000c0ab2048,0x00000000c5380000)
 Metaspace       used 34718K, capacity 35292K, committed 35496K, reserved 1079296K
  class space    used 4863K, capacity 5067K, committed 5168K, reserved 1048576K
Event: 17.159 GC heap after
Heap after GC invocations=9 (full 2):
 PSYoungGen      total 90112K, used 0K [0x00000000eab00000, 0x00000000f4880000, 0x0000000100000000)
  eden space 77312K, 0% used [0x00000000eab00000,0x00000000eab00000,0x00000000ef680000)
  from space 12800K, 0% used [0x00000000ef680000,0x00000000ef680000,0x00000000f0300000)
  to   space 12288K, 0% used [0x00000000f3c80000,0x00000000f3c80000,0x00000000f4880000)
 ParOldGen       total 112128K, used 15385K [0x00000000c0000000, 0x00000000c6d80000, 0x00000000eab00000)
  object space 112128K, 13% used [0x00000000c0000000,0x00000000c0f06728,0x00000000c6d80000)
 Metaspace       used 34718K, capacity 35292K, committed 35496K, reserved 1079296K
  class space    used 4863K, capacity 5067K, committed 5168K, reserved 1048576K
}
Event: 18.197 GC heap before
{Heap before GC invocations=10 (full 2):
 PSYoungGen      total 90112K, used 77312K [0x00000000eab00000, 0x00000000f4880000, 0x0000000100000000)
  eden space 77312K, 100% used [0x00000000eab00000,0x00000000ef680000,0x00000000ef680000)
  from space 12800K, 0% used [0x00000000ef680000,0x00000000ef680000,0x00000000f0300000)
  to   space 12288K, 0% used [0x00000000f3c80000,0x00000000f3c80000,0x00000000f4880000)
 ParOldGen       total 112128K, used 15385K [0x00000000c0000000, 0x00000000c6d80000, 0x00000000eab00000)
  object space 112128K, 13% used [0x00000000c0000000,0x00000000c0f06728,0x00000000c6d80000)
 Metaspace       used 38736K, capacity 39444K, committed 39728K, reserved 1083392K
  class space    used 5397K, capacity 5675K, committed 5680K, reserved 1048576K
Event: 18.212 GC heap after
Heap after GC invocations=10 (full 2):
 PSYoungGen      total 136704K, used 7310K [0x00000000eab00000, 0x00000000f4400000, 0x0000000100000000)
  eden space 129024K, 0% used [0x00000000eab00000,0x00000000eab00000,0x00000000f2900000)
  from space 7680K, 95% used [0x00000000f3c80000,0x00000000f43a3a30,0x00000000f4400000)
  to   space 12288K, 0% used [0x00000000f2c00000,0x00000000f2c00000,0x00000000f3800000)
 ParOldGen       total 112128K, used 15393K [0x00000000c0000000, 0x00000000c6d80000, 0x00000000eab00000)
  object space 112128K, 13% used [0x00000000c0000000,0x00000000c0f08728,0x00000000c6d80000)
 Metaspace       used 38736K, capacity 39444K, committed 39728K, reserved 1083392K
  class space    used 5397K, capacity 5675K, committed 5680K, reserved 1048576K
}
Event: 21.349 GC heap before
{Heap before GC invocations=11 (full 2):
 PSYoungGen      total 136704K, used 136334K [0x00000000eab00000, 0x00000000f4400000, 0x0000000100000000)
  eden space 129024K, 100% used [0x00000000eab00000,0x00000000f2900000,0x00000000f2900000)
  from space 7680K, 95% used [0x00000000f3c80000,0x00000000f43a3a30,0x00000000f4400000)
  to   space 12288K, 0% used [0x00000000f2c00000,0x00000000f2c00000,0x00000000f3800000)
 ParOldGen       total 112128K, used 15393K [0x00000000c0000000, 0x00000000c6d80000, 0x00000000eab00000)
  object space 112128K, 13% used [0x00000000c0000000,0x00000000c0f08728,0x00000000c6d80000)
 Metaspace       used 48754K, capacity 49972K, committed 50224K, reserved 1091584K
  class space    used 6788K, capacity 7155K, committed 7216K, reserved 1048576K
Event: 21.371 GC heap after
Heap after GC invocations=11 (full 2):
 PSYoungGen      total 144384K, used 12277K [0x00000000eab00000, 0x00000000f7800000, 0x0000000100000000)
  eden space 132096K, 0% used [0x00000000eab00000,0x00000000eab00000,0x00000000f2c00000)
  from space 12288K, 99% used [0x00000000f2c00000,0x00000000f37fd5a8,0x00000000f3800000)
  to   space 15872K, 0% used [0x00000000f6880000,0x00000000f6880000,0x00000000f7800000)
 ParOldGen       total 112128K, used 21049K [0x00000000c0000000, 0x00000000c6d80000, 0x00000000eab00000)
  object space 112128K, 18% used [0x00000000c0000000,0x00000000c148e5e0,0x00000000c6d80000)
 Metaspace       used 48754K, capacity 49972K, committed 50224K, reserved 1091584K
  class space    used 6788K, capacity 7155K, committed 7216K, reserved 1048576K
}

